Build started 2/1/2016 1:45:36 PM.
     1>Project "C:\Users\aleksandar\Documents\Elfak\Metodi i sistemi za obradu signala\Thresholding\Thresholding\Thresholding.vcxproj" on node 2 (Build target(s)).
     1>AddCudaCompileDeps:
         C:\Program Files (x86)\Microsoft Visual Studio 12.0\VC\bin\cl.exe /E /nologo /showIncludes /TP /D__CUDACC__ /DWIN32 /D_DEBUG /D_CONSOLE /D_MBCS /I"C:\Program Files\NVIDIA GPU Computing Toolkit\CUDA\v7.0\include" /I"C:\Program Files\NVIDIA GPU Computing Toolkit\CUDA\v7.0\bin" /I"C:\Program Files\NVIDIA GPU Computing Toolkit\CUDA\v7.0\include" /I. /FIcuda_runtime.h /c "C:\Users\aleksandar\Documents\Elfak\Metodi i sistemi za obradu signala\Thresholding\Thresholding\kernel.cu" 
       CudaBuild:
         Compiling CUDA source file kernel.cu...
         cmd.exe /C "C:\Users\aleksandar\AppData\Local\Temp\tmp40841b54a05345a5ad98392e08b8c6cb.cmd"
         "C:\Program Files\NVIDIA GPU Computing Toolkit\CUDA\v7.0\bin\nvcc.exe" -gencode=arch=compute_20,code=\"sm_20,compute_20\" --use-local-env --cl-version 2013 -ccbin "C:\Program Files (x86)\Microsoft Visual Studio 12.0\VC\bin"  -I"C:\Program Files\NVIDIA GPU Computing Toolkit\CUDA\v7.0\include" -I"C:\Program Files\NVIDIA GPU Computing Toolkit\CUDA\v7.0\include"  -G   --keep-dir Debug -maxrregcount=0  --machine 32 --compile -cudart static  -g   -DWIN32 -D_DEBUG -D_CONSOLE -D_MBCS -Xcompiler "/EHsc /W3 /nologo /Od /Zi /RTC1 /MDd  " -o Debug\kernel.cu.obj "C:\Users\aleksandar\Documents\Elfak\Metodi i sistemi za obradu signala\Thresholding\Thresholding\kernel.cu"
         
         C:\Users\aleksandar\Documents\Elfak\Metodi i sistemi za obradu signala\Thresholding\Thresholding>"C:\Program Files\NVIDIA GPU Computing Toolkit\CUDA\v7.0\bin\nvcc.exe" -gencode=arch=compute_20,code=\"sm_20,compute_20\" --use-local-env --cl-version 2013 -ccbin "C:\Program Files (x86)\Microsoft Visual Studio 12.0\VC\bin"  -I"C:\Program Files\NVIDIA GPU Computing Toolkit\CUDA\v7.0\include" -I"C:\Program Files\NVIDIA GPU Computing Toolkit\CUDA\v7.0\include"  -G   --keep-dir Debug -maxrregcount=0  --machine 32 --compile -cudart static  -g   -DWIN32 -D_DEBUG -D_CONSOLE -D_MBCS -Xcompiler "/EHsc /W3 /nologo /Od /Zi /RTC1 /MDd  " -o Debug\kernel.cu.obj "C:\Users\aleksandar\Documents\Elfak\Metodi i sistemi za obradu signala\Thresholding\Thresholding\kernel.cu" 
         kernel.cu
     1>C:/Users/aleksandar/Documents/Elfak/Metodi i sistemi za obradu signala/Thresholding/Thresholding/kernel.cu(145): warning C4018: '<' : signed/unsigned mismatch
       Link:
         C:\Program Files (x86)\Microsoft Visual Studio 12.0\VC\bin\link.exe /ERRORREPORT:PROMPT /OUT:"C:\Users\aleksandar\Documents\Elfak\Metodi i sistemi za obradu signala\Thresholding\Debug\Thresholding.exe" /INCREMENTAL /NOLOGO /LIBPATH:"C:\Program Files\NVIDIA GPU Computing Toolkit\CUDA\v7.0\lib\Win32" cudart.lib kernel32.lib user32.lib gdi32.lib winspool.lib comdlg32.lib advapi32.lib shell32.lib ole32.lib oleaut32.lib uuid.lib odbc32.lib odbccp32.lib kernel32.lib user32.lib gdi32.lib winspool.lib comdlg32.lib advapi32.lib shell32.lib ole32.lib oleaut32.lib uuid.lib odbc32.lib odbccp32.lib /MANIFEST /MANIFESTUAC:"level='asInvoker' uiAccess='false'" /manifest:embed /DEBUG /PDB:"C:\Users\aleksandar\Documents\Elfak\Metodi i sistemi za obradu signala\Thresholding\Debug\Thresholding.pdb" /SUBSYSTEM:CONSOLE /TLBID:1 /DYNAMICBASE /NXCOMPAT /IMPLIB:"C:\Users\aleksandar\Documents\Elfak\Metodi i sistemi za obradu signala\Thresholding\Debug\Thresholding.lib" /MACHINE:X86 Debug\kernel.cu.obj
         Debug\lodepng.obj
         Thresholding.vcxproj -> C:\Users\aleksandar\Documents\Elfak\Metodi i sistemi za obradu signala\Thresholding\Debug\Thresholding.exe
       PostBuildEvent:
         echo copy "C:\Program Files\NVIDIA GPU Computing Toolkit\CUDA\v7.0\bin\cudart*.dll" "C:\Users\aleksandar\Documents\Elfak\Metodi i sistemi za obradu signala\Thresholding\Debug\"
         copy "C:\Program Files\NVIDIA GPU Computing Toolkit\CUDA\v7.0\bin\cudart*.dll" "C:\Users\aleksandar\Documents\Elfak\Metodi i sistemi za obradu signala\Thresholding\Debug\"
         :VCEnd
         copy "C:\Program Files\NVIDIA GPU Computing Toolkit\CUDA\v7.0\bin\cudart*.dll" "C:\Users\aleksandar\Documents\Elfak\Metodi i sistemi za obradu signala\Thresholding\Debug\"
         C:\Program Files\NVIDIA GPU Computing Toolkit\CUDA\v7.0\bin\cudart32_70.dll
         C:\Program Files\NVIDIA GPU Computing Toolkit\CUDA\v7.0\bin\cudart64_70.dll
                 2 file(s) copied.
     1>Done Building Project "C:\Users\aleksandar\Documents\Elfak\Metodi i sistemi za obradu signala\Thresholding\Thresholding\Thresholding.vcxproj" (Build target(s)).

Build succeeded.

Time Elapsed 00:00:07.08
